<?xml version="1.0" encoding="UTF-8"?>
<!-- Generated by org.testng.reporters.JUnitXMLReporter -->
<testsuite hostname="apples-MacBook-Pro.local" ignored="0" name="Default test" tests="2" failures="0" timestamp="2020-12-05T15:54:04 IST" time="0.711" errors="0">
  <testcase name="verifyAddedDeleteButtons" time="0.497" classname="org.mac.HerokuInternetSampleFramework.AddRemoveElementsTest"/>
  <testcase name="verifyDeletedDeleteButtons" time="0.168" classname="org.mac.HerokuInternetSampleFramework.AddRemoveElementsTest"/>
</testsuite> <!-- Default test -->
