<?xml version="1.0" encoding="UTF-8"?>
<!-- Generated by org.testng.reporters.JUnitXMLReporter -->
<testsuite hostname="apples-MacBook-Pro.local" ignored="0" name="Test" tests="2" failures="0" timestamp="2020-12-05T16:00:24 IST" time="0.747" errors="0">
  <testcase name="verifyAddedDeleteButtons" time="0.531" classname="org.mac.HerokuInternetSampleFramework.AddRemoveElementsTest"/>
  <testcase name="verifyDeletedDeleteButtons" time="0.166" classname="org.mac.HerokuInternetSampleFramework.AddRemoveElementsTest"/>
</testsuite> <!-- Test -->
