<?xml version="1.0" encoding="UTF-8"?>
<testng-results skipped="0" failed="0" ignored="0" total="2" passed="2">
  <reporter-output>
  </reporter-output>
  <suite name="Suite" duration-ms="747" started-at="2020-12-05T16:00:18 IST" finished-at="2020-12-05T16:00:19 IST">
    <groups>
    </groups>
    <test name="Test" duration-ms="747" started-at="2020-12-05T16:00:18 IST" finished-at="2020-12-05T16:00:19 IST">
      <class name="org.mac.HerokuInternetSampleFramework.AddRemoveElementsTest">
        <test-method status="PASS" signature="lauchBrowser()[pri:0, instance:org.mac.HerokuInternetSampleFramework.AddRemoveElementsTest@2c039ac6]" name="lauchBrowser" is-config="true" duration-ms="9477" started-at="2020-12-05T16:00:08 IST" finished-at="2020-12-05T16:00:18 IST">
          <reporter-output>
          </reporter-output>
        </test-method> <!-- lauchBrowser -->
        <test-method status="PASS" signature="initiazePages()[pri:0, instance:org.mac.HerokuInternetSampleFramework.AddRemoveElementsTest@2c039ac6]" name="initiazePages" is-config="true" duration-ms="24" started-at="2020-12-05T16:00:18 IST" finished-at="2020-12-05T16:00:18 IST">
          <reporter-output>
          </reporter-output>
        </test-method> <!-- initiazePages -->
        <test-method status="PASS" signature="verifyAddedDeleteButtons()[pri:0, instance:org.mac.HerokuInternetSampleFramework.AddRemoveElementsTest@2c039ac6]" name="verifyAddedDeleteButtons" duration-ms="531" started-at="2020-12-05T16:00:18 IST" finished-at="2020-12-05T16:00:18 IST">
          <reporter-output>
          </reporter-output>
        </test-method> <!-- verifyAddedDeleteButtons -->
        <test-method status="PASS" signature="verifyDeletedDeleteButtons()[pri:0, instance:org.mac.HerokuInternetSampleFramework.AddRemoveElementsTest@2c039ac6]" name="verifyDeletedDeleteButtons" duration-ms="166" started-at="2020-12-05T16:00:18 IST" depends-on-methods="org.mac.HerokuInternetSampleFramework.AddRemoveElementsTest.verifyAddedDeleteButtons" finished-at="2020-12-05T16:00:19 IST">
          <reporter-output>
          </reporter-output>
        </test-method> <!-- verifyDeletedDeleteButtons -->
        <test-method status="PASS" signature="killSession()[pri:0, instance:org.mac.HerokuInternetSampleFramework.AddRemoveElementsTest@2c039ac6]" name="killSession" is-config="true" duration-ms="93" started-at="2020-12-05T16:00:24 IST" finished-at="2020-12-05T16:00:24 IST">
          <reporter-output>
          </reporter-output>
        </test-method> <!-- killSession -->
      </class> <!-- org.mac.HerokuInternetSampleFramework.AddRemoveElementsTest -->
    </test> <!-- Test -->
  </suite> <!-- Suite -->
</testng-results>
